{"/home/rtancman/projects/js/reactnd-project-mobile-flashcards/actions/index.js": {"path":"/home/rtancman/projects/js/reactnd-project-mobile-flashcards/actions/index.js","statementMap":{"0":{"start":{"line":4,"column":29},"end":{"line":4,"column":44}},"1":{"start":{"line":5,"column":25},"end":{"line":5,"column":36}},"2":{"start":{"line":6,"column":24},"end":{"line":6,"column":34}},"3":{"start":{"line":7,"column":27},"end":{"line":7,"column":40}},"4":{"start":{"line":9,"column":22},"end":{"line":13,"column":1}},"5":{"start":{"line":16,"column":2},"end":{"line":19,"column":3}},"6":{"start":{"line":23,"column":2},"end":{"line":26,"column":3}},"7":{"start":{"line":30,"column":2},"end":{"line":34,"column":3}},"8":{"start":{"line":38,"column":2},"end":{"line":41,"column":3}},"9":{"start":{"line":45,"column":2},"end":{"line":48,"column":3}},"10":{"start":{"line":46,"column":4},"end":{"line":47,"column":51}},"11":{"start":{"line":47,"column":21},"end":{"line":47,"column":50}},"12":{"start":{"line":52,"column":2},"end":{"line":68,"column":3}},"13":{"start":{"line":53,"column":15},"end":{"line":53,"column":23}},"14":{"start":{"line":54,"column":20},"end":{"line":60,"column":5}},"15":{"start":{"line":61,"column":4},"end":{"line":67,"column":8}},"16":{"start":{"line":63,"column":8},"end":{"line":63,"column":34}},"17":{"start":{"line":64,"column":8},"end":{"line":66,"column":10}},"18":{"start":{"line":65,"column":10},"end":{"line":65,"column":27}},"19":{"start":{"line":72,"column":2},"end":{"line":86,"column":3}},"20":{"start":{"line":73,"column":20},"end":{"line":78,"column":5}},"21":{"start":{"line":79,"column":4},"end":{"line":85,"column":8}},"22":{"start":{"line":81,"column":8},"end":{"line":81,"column":42}},"23":{"start":{"line":82,"column":8},"end":{"line":84,"column":10}},"24":{"start":{"line":83,"column":10},"end":{"line":83,"column":27}},"25":{"start":{"line":90,"column":2},"end":{"line":98,"column":3}},"26":{"start":{"line":91,"column":4},"end":{"line":97,"column":8}},"27":{"start":{"line":93,"column":8},"end":{"line":93,"column":36}},"28":{"start":{"line":94,"column":8},"end":{"line":96,"column":10}},"29":{"start":{"line":95,"column":10},"end":{"line":95,"column":26}}},"fnMap":{"0":{"name":"receiveDecks","decl":{"start":{"line":15,"column":16},"end":{"line":15,"column":28}},"loc":{"start":{"line":15,"column":37},"end":{"line":20,"column":1}},"line":15},"1":{"name":"addDeck","decl":{"start":{"line":22,"column":16},"end":{"line":22,"column":23}},"loc":{"start":{"line":22,"column":31},"end":{"line":27,"column":1}},"line":22},"2":{"name":"addCard","decl":{"start":{"line":29,"column":16},"end":{"line":29,"column":23}},"loc":{"start":{"line":29,"column":39},"end":{"line":35,"column":1}},"line":29},"3":{"name":"removeDeck","decl":{"start":{"line":37,"column":16},"end":{"line":37,"column":26}},"loc":{"start":{"line":37,"column":36},"end":{"line":42,"column":1}},"line":37},"4":{"name":"decksFetchData","decl":{"start":{"line":44,"column":16},"end":{"line":44,"column":30}},"loc":{"start":{"line":44,"column":33},"end":{"line":49,"column":1}},"line":44},"5":{"name":"(anonymous_5)","decl":{"start":{"line":45,"column":9},"end":{"line":45,"column":10}},"loc":{"start":{"line":45,"column":21},"end":{"line":48,"column":3}},"line":45},"6":{"name":"(anonymous_6)","decl":{"start":{"line":47,"column":12},"end":{"line":47,"column":13}},"loc":{"start":{"line":47,"column":21},"end":{"line":47,"column":50}},"line":47},"7":{"name":"saveDeckTitleFetch","decl":{"start":{"line":51,"column":16},"end":{"line":51,"column":34}},"loc":{"start":{"line":51,"column":42},"end":{"line":69,"column":1}},"line":51},"8":{"name":"(anonymous_8)","decl":{"start":{"line":52,"column":9},"end":{"line":52,"column":10}},"loc":{"start":{"line":52,"column":21},"end":{"line":68,"column":3}},"line":52},"9":{"name":"(anonymous_9)","decl":{"start":{"line":62,"column":12},"end":{"line":62,"column":13}},"loc":{"start":{"line":62,"column":20},"end":{"line":67,"column":7}},"line":62},"10":{"name":"(anonymous_10)","decl":{"start":{"line":64,"column":27},"end":{"line":64,"column":28}},"loc":{"start":{"line":64,"column":45},"end":{"line":66,"column":9}},"line":64},"11":{"name":"addCardToDeckFetch","decl":{"start":{"line":71,"column":16},"end":{"line":71,"column":34}},"loc":{"start":{"line":71,"column":49},"end":{"line":87,"column":1}},"line":71},"12":{"name":"(anonymous_12)","decl":{"start":{"line":72,"column":9},"end":{"line":72,"column":10}},"loc":{"start":{"line":72,"column":21},"end":{"line":86,"column":3}},"line":72},"13":{"name":"(anonymous_13)","decl":{"start":{"line":80,"column":12},"end":{"line":80,"column":13}},"loc":{"start":{"line":80,"column":20},"end":{"line":85,"column":7}},"line":80},"14":{"name":"(anonymous_14)","decl":{"start":{"line":82,"column":27},"end":{"line":82,"column":28}},"loc":{"start":{"line":82,"column":45},"end":{"line":84,"column":9}},"line":82},"15":{"name":"removeDeckFetch","decl":{"start":{"line":89,"column":16},"end":{"line":89,"column":31}},"loc":{"start":{"line":89,"column":40},"end":{"line":99,"column":1}},"line":89},"16":{"name":"(anonymous_16)","decl":{"start":{"line":90,"column":9},"end":{"line":90,"column":10}},"loc":{"start":{"line":90,"column":21},"end":{"line":98,"column":3}},"line":90},"17":{"name":"(anonymous_17)","decl":{"start":{"line":92,"column":12},"end":{"line":92,"column":13}},"loc":{"start":{"line":92,"column":20},"end":{"line":97,"column":7}},"line":92},"18":{"name":"(anonymous_18)","decl":{"start":{"line":94,"column":27},"end":{"line":94,"column":28}},"loc":{"start":{"line":94,"column":45},"end":{"line":96,"column":9}},"line":94}},"branchMap":{},"s":{"0":2,"1":2,"2":2,"3":2,"4":2,"5":1,"6":1,"7":1,"8":1,"9":0,"10":0,"11":0,"12":0,"13":0,"14":0,"15":0,"16":0,"17":0,"18":0,"19":0,"20":0,"21":0,"22":0,"23":0,"24":0,"25":0,"26":0,"27":0,"28":0,"29":0},"f":{"0":1,"1":1,"2":1,"3":1,"4":0,"5":0,"6":0,"7":0,"8":0,"9":0,"10":0,"11":0,"12":0,"13":0,"14":0,"15":0,"16":0,"17":0,"18":0},"b":{},"_coverageSchema":"332fd63041d2c1bcb487cc26dd0d5f7d97098a6c","hash":"ee381b563f16b9147e61d098f56b445f5259599a"}
,"/home/rtancman/projects/js/reactnd-project-mobile-flashcards/fixtures/mocks.js": {"path":"/home/rtancman/projects/js/reactnd-project-mobile-flashcards/fixtures/mocks.js","statementMap":{"0":{"start":{"line":1,"column":25},"end":{"line":6,"column":1}},"1":{"start":{"line":8,"column":25},"end":{"line":12,"column":1}}},"fnMap":{},"branchMap":{},"s":{"0":2,"1":2},"f":{},"b":{},"_coverageSchema":"332fd63041d2c1bcb487cc26dd0d5f7d97098a6c","hash":"92ef00a843a81f67d1ec3bda27d33f6c7625370f"}
,"/home/rtancman/projects/js/reactnd-project-mobile-flashcards/reducers/index.js": {"path":"/home/rtancman/projects/js/reactnd-project-mobile-flashcards/reducers/index.js","statementMap":{"0":{"start":{"line":5,"column":14},"end":{"line":38,"column":1}},"1":{"start":{"line":6,"column":2},"end":{"line":37,"column":3}},"2":{"start":{"line":8,"column":6},"end":{"line":11,"column":7}},"3":{"start":{"line":13,"column":6},"end":{"line":16,"column":7}},"4":{"start":{"line":18,"column":6},"end":{"line":27,"column":7}},"5":{"start":{"line":29,"column":20},"end":{"line":29,"column":32}},"6":{"start":{"line":30,"column":6},"end":{"line":30,"column":38}},"7":{"start":{"line":31,"column":6},"end":{"line":31,"column":33}},"8":{"start":{"line":32,"column":6},"end":{"line":34,"column":7}},"9":{"start":{"line":36,"column":6},"end":{"line":36,"column":18}}},"fnMap":{"0":{"name":"(anonymous_0)","decl":{"start":{"line":5,"column":14},"end":{"line":5,"column":15}},"loc":{"start":{"line":5,"column":38},"end":{"line":38,"column":1}},"line":5}},"branchMap":{"0":{"loc":{"start":{"line":5,"column":15},"end":{"line":5,"column":25}},"type":"default-arg","locations":[{"start":{"line":5,"column":23},"end":{"line":5,"column":25}}],"line":5},"1":{"loc":{"start":{"line":6,"column":2},"end":{"line":37,"column":3}},"type":"switch","locations":[{"start":{"line":7,"column":4},"end":{"line":11,"column":7}},{"start":{"line":12,"column":4},"end":{"line":16,"column":7}},{"start":{"line":17,"column":4},"end":{"line":27,"column":7}},{"start":{"line":28,"column":4},"end":{"line":34,"column":7}},{"start":{"line":35,"column":4},"end":{"line":36,"column":18}}],"line":6}},"s":{"0":1,"1":7,"2":1,"3":1,"4":1,"5":1,"6":1,"7":1,"8":1,"9":3},"f":{"0":7},"b":{"0":[3],"1":[1,1,1,1,3]},"_coverageSchema":"332fd63041d2c1bcb487cc26dd0d5f7d97098a6c","hash":"515c2946fa45094c2471b950cb1ca111993f8d1b"}
,"/home/rtancman/projects/js/reactnd-project-mobile-flashcards/utils/api.js": {"path":"/home/rtancman/projects/js/reactnd-project-mobile-flashcards/utils/api.js","statementMap":{"0":{"start":{"line":4,"column":29},"end":{"line":4,"column":51}},"1":{"start":{"line":6,"column":22},"end":{"line":10,"column":1}},"2":{"start":{"line":12,"column":24},"end":{"line":19,"column":1}},"3":{"start":{"line":13,"column":2},"end":{"line":18,"column":6}},"4":{"start":{"line":15,"column":6},"end":{"line":17,"column":27}},"5":{"start":{"line":21,"column":23},"end":{"line":32,"column":1}},"6":{"start":{"line":22,"column":2},"end":{"line":31,"column":6}},"7":{"start":{"line":24,"column":6},"end":{"line":24,"column":38}},"8":{"start":{"line":24,"column":29},"end":{"line":24,"column":38}},"9":{"start":{"line":26,"column":20},"end":{"line":26,"column":39}},"10":{"start":{"line":28,"column":6},"end":{"line":28,"column":46}},"11":{"start":{"line":28,"column":37},"end":{"line":28,"column":46}},"12":{"start":{"line":30,"column":6},"end":{"line":30,"column":22}},"13":{"start":{"line":34,"column":29},"end":{"line":44,"column":1}},"14":{"start":{"line":35,"column":2},"end":{"line":43,"column":10}},"15":{"start":{"line":39,"column":10},"end":{"line":42,"column":11}},"16":{"start":{"line":46,"column":29},"end":{"line":70,"column":1}},"17":{"start":{"line":47,"column":2},"end":{"line":69,"column":6}},"18":{"start":{"line":49,"column":6},"end":{"line":68,"column":10}},"19":{"start":{"line":59,"column":10},"end":{"line":67,"column":13}},"20":{"start":{"line":73,"column":2},"end":{"line":79,"column":6}},"21":{"start":{"line":75,"column":19},"end":{"line":75,"column":38}},"22":{"start":{"line":76,"column":6},"end":{"line":76,"column":26}},"23":{"start":{"line":77,"column":6},"end":{"line":77,"column":21}},"24":{"start":{"line":78,"column":6},"end":{"line":78,"column":77}},"25":{"start":{"line":83,"column":2},"end":{"line":83,"column":55}}},"fnMap":{"0":{"name":"(anonymous_0)","decl":{"start":{"line":12,"column":24},"end":{"line":12,"column":25}},"loc":{"start":{"line":12,"column":30},"end":{"line":19,"column":1}},"line":12},"1":{"name":"(anonymous_1)","decl":{"start":{"line":14,"column":10},"end":{"line":14,"column":11}},"loc":{"start":{"line":14,"column":23},"end":{"line":18,"column":5}},"line":14},"2":{"name":"(anonymous_2)","decl":{"start":{"line":21,"column":23},"end":{"line":21,"column":24}},"loc":{"start":{"line":21,"column":31},"end":{"line":32,"column":1}},"line":21},"3":{"name":"(anonymous_3)","decl":{"start":{"line":23,"column":10},"end":{"line":23,"column":11}},"loc":{"start":{"line":23,"column":23},"end":{"line":31,"column":5}},"line":23},"4":{"name":"(anonymous_4)","decl":{"start":{"line":34,"column":29},"end":{"line":34,"column":30}},"loc":{"start":{"line":34,"column":39},"end":{"line":44,"column":1}},"line":34},"5":{"name":"(anonymous_5)","decl":{"start":{"line":38,"column":16},"end":{"line":38,"column":17}},"loc":{"start":{"line":38,"column":25},"end":{"line":43,"column":9}},"line":38},"6":{"name":"(anonymous_6)","decl":{"start":{"line":46,"column":29},"end":{"line":46,"column":30}},"loc":{"start":{"line":46,"column":47},"end":{"line":70,"column":1}},"line":46},"7":{"name":"(anonymous_7)","decl":{"start":{"line":48,"column":10},"end":{"line":48,"column":11}},"loc":{"start":{"line":48,"column":20},"end":{"line":69,"column":5}},"line":48},"8":{"name":"(anonymous_8)","decl":{"start":{"line":58,"column":15},"end":{"line":58,"column":16}},"loc":{"start":{"line":58,"column":24},"end":{"line":68,"column":9}},"line":58},"9":{"name":"removeDeckById","decl":{"start":{"line":72,"column":16},"end":{"line":72,"column":30}},"loc":{"start":{"line":72,"column":36},"end":{"line":80,"column":1}},"line":72},"10":{"name":"(anonymous_10)","decl":{"start":{"line":74,"column":10},"end":{"line":74,"column":11}},"loc":{"start":{"line":74,"column":23},"end":{"line":79,"column":5}},"line":74},"11":{"name":"clearAllDecks","decl":{"start":{"line":82,"column":16},"end":{"line":82,"column":29}},"loc":{"start":{"line":82,"column":33},"end":{"line":84,"column":1}},"line":82}},"branchMap":{"0":{"loc":{"start":{"line":15,"column":13},"end":{"line":17,"column":27}},"type":"cond-expr","locations":[{"start":{"line":16,"column":8},"end":{"line":16,"column":10}},{"start":{"line":17,"column":8},"end":{"line":17,"column":27}}],"line":15},"1":{"loc":{"start":{"line":24,"column":6},"end":{"line":24,"column":38}},"type":"if","locations":[{"start":{"line":24,"column":6},"end":{"line":24,"column":38}},{"start":{"line":24,"column":6},"end":{"line":24,"column":38}}],"line":24},"2":{"loc":{"start":{"line":28,"column":6},"end":{"line":28,"column":46}},"type":"if","locations":[{"start":{"line":28,"column":6},"end":{"line":28,"column":46}},{"start":{"line":28,"column":6},"end":{"line":28,"column":46}}],"line":28}},"s":{"0":2,"1":2,"2":2,"3":0,"4":0,"5":2,"6":0,"7":0,"8":0,"9":0,"10":0,"11":0,"12":0,"13":2,"14":0,"15":0,"16":2,"17":0,"18":0,"19":0,"20":0,"21":0,"22":0,"23":0,"24":0,"25":0},"f":{"0":0,"1":0,"2":0,"3":0,"4":0,"5":0,"6":0,"7":0,"8":0,"9":0,"10":0,"11":0},"b":{"0":[0,0],"1":[0,0],"2":[0,0]},"_coverageSchema":"332fd63041d2c1bcb487cc26dd0d5f7d97098a6c","hash":"06bac2e948a7065924d78d807d68dec5207f515f"}
}
