TN:
SF:/home/rtancman/projects/js/reactnd-project-mobile-flashcards/actions/index.js
FN:15,receiveDecks
FN:22,addDeck
FN:29,addCard
FN:37,removeDeck
FN:44,decksFetchData
FN:45,(anonymous_5)
FN:47,(anonymous_6)
FN:51,saveDeckTitleFetch
FN:52,(anonymous_8)
FN:62,(anonymous_9)
FN:64,(anonymous_10)
FN:71,addCardToDeckFetch
FN:72,(anonymous_12)
FN:80,(anonymous_13)
FN:82,(anonymous_14)
FN:89,removeDeckFetch
FN:90,(anonymous_16)
FN:92,(anonymous_17)
FN:94,(anonymous_18)
FNF:19
FNH:4
FNDA:1,receiveDecks
FNDA:1,addDeck
FNDA:1,addCard
FNDA:1,removeDeck
FNDA:0,decksFetchData
FNDA:0,(anonymous_5)
FNDA:0,(anonymous_6)
FNDA:0,saveDeckTitleFetch
FNDA:0,(anonymous_8)
FNDA:0,(anonymous_9)
FNDA:0,(anonymous_10)
FNDA:0,addCardToDeckFetch
FNDA:0,(anonymous_12)
FNDA:0,(anonymous_13)
FNDA:0,(anonymous_14)
FNDA:0,removeDeckFetch
FNDA:0,(anonymous_16)
FNDA:0,(anonymous_17)
FNDA:0,(anonymous_18)
DA:4,2
DA:5,2
DA:6,2
DA:7,2
DA:9,2
DA:16,1
DA:23,1
DA:30,1
DA:38,1
DA:45,0
DA:46,0
DA:47,0
DA:52,0
DA:53,0
DA:54,0
DA:61,0
DA:63,0
DA:64,0
DA:65,0
DA:72,0
DA:73,0
DA:79,0
DA:81,0
DA:82,0
DA:83,0
DA:90,0
DA:91,0
DA:93,0
DA:94,0
DA:95,0
LF:30
LH:9
BRF:0
BRH:0
end_of_record
TN:
SF:/home/rtancman/projects/js/reactnd-project-mobile-flashcards/fixtures/mocks.js
FNF:0
FNH:0
DA:1,2
DA:8,2
LF:2
LH:2
BRF:0
BRH:0
end_of_record
TN:
SF:/home/rtancman/projects/js/reactnd-project-mobile-flashcards/reducers/index.js
FN:5,(anonymous_0)
FNF:1
FNH:1
FNDA:7,(anonymous_0)
DA:5,1
DA:6,7
DA:8,1
DA:13,1
DA:18,1
DA:29,1
DA:30,1
DA:31,1
DA:32,1
DA:36,3
LF:10
LH:10
BRDA:5,0,0,3
BRDA:6,1,0,1
BRDA:6,1,1,1
BRDA:6,1,2,1
BRDA:6,1,3,1
BRDA:6,1,4,3
BRF:6
BRH:6
end_of_record
TN:
SF:/home/rtancman/projects/js/reactnd-project-mobile-flashcards/utils/api.js
FN:12,(anonymous_0)
FN:14,(anonymous_1)
FN:21,(anonymous_2)
FN:23,(anonymous_3)
FN:34,(anonymous_4)
FN:38,(anonymous_5)
FN:46,(anonymous_6)
FN:48,(anonymous_7)
FN:58,(anonymous_8)
FN:72,removeDeckById
FN:74,(anonymous_10)
FN:82,clearAllDecks
FNF:12
FNH:0
FNDA:0,(anonymous_0)
FNDA:0,(anonymous_1)
FNDA:0,(anonymous_2)
FNDA:0,(anonymous_3)
FNDA:0,(anonymous_4)
FNDA:0,(anonymous_5)
FNDA:0,(anonymous_6)
FNDA:0,(anonymous_7)
FNDA:0,(anonymous_8)
FNDA:0,removeDeckById
FNDA:0,(anonymous_10)
FNDA:0,clearAllDecks
DA:4,2
DA:6,2
DA:12,2
DA:13,0
DA:15,0
DA:21,2
DA:22,0
DA:24,0
DA:26,0
DA:28,0
DA:30,0
DA:34,2
DA:35,0
DA:39,0
DA:46,2
DA:47,0
DA:49,0
DA:59,0
DA:73,0
DA:75,0
DA:76,0
DA:77,0
DA:78,0
DA:83,0
LF:24
LH:6
BRDA:15,0,0,0
BRDA:15,0,1,0
BRDA:24,1,0,0
BRDA:24,1,1,0
BRDA:28,2,0,0
BRDA:28,2,1,0
BRF:6
BRH:0
end_of_record
